Copyright 1986-2020 Xilinx, Inc. All Rights Reserved.
---------------------------------------------------------------------------------------------------
| Tool Version : Vivado v.2020.2 (win64) Build 3064766 Wed Nov 18 09:12:45 MST 2020
| Date         : Mon Jun 28 14:22:30 2021
| Host         : Potential running 64-bit major release  (build 9200)
| Command      : report_control_sets -verbose -file FFTAudio_Block_wrapper_control_sets_placed.rpt
| Design       : FFTAudio_Block_wrapper
| Device       : xc7s50
---------------------------------------------------------------------------------------------------

Control Set Information

Table of Contents
-----------------
1. Summary
2. Histogram
3. Flip-Flop Distribution
4. Detailed Control Set Information

1. Summary
----------

+----------------------------------------------------------+-------+
|                          Status                          | Count |
+----------------------------------------------------------+-------+
| Total control sets                                       |   135 |
|    Minimum number of control sets                        |   135 |
|    Addition due to synthesis replication                 |     0 |
|    Addition due to physical synthesis replication        |     0 |
| Unused register locations in slices containing registers |   442 |
+----------------------------------------------------------+-------+
* Control sets can be merged at opt_design using control_set_merge or merge_equivalent_drivers
** Run report_qor_suggestions for automated merging and remapping suggestions


2. Histogram
------------

+--------------------+-------+
|       Fanout       | Count |
+--------------------+-------+
| Total control sets |   135 |
| >= 0 to < 4        |    12 |
| >= 4 to < 6        |    25 |
| >= 6 to < 8        |    13 |
| >= 8 to < 10       |    18 |
| >= 10 to < 12      |    19 |
| >= 12 to < 14      |     2 |
| >= 14 to < 16      |     0 |
| >= 16              |    46 |
+--------------------+-------+
* Control sets can be remapped at either synth_design or opt_design


3. Flip-Flop Distribution
-------------------------

+--------------+-----------------------+------------------------+-----------------+--------------+
| Clock Enable | Synchronous Set/Reset | Asynchronous Set/Reset | Total Registers | Total Slices |
+--------------+-----------------------+------------------------+-----------------+--------------+
| No           | No                    | No                     |             412 |          123 |
| No           | No                    | Yes                    |              29 |            8 |
| No           | Yes                   | No                     |             742 |          243 |
| Yes          | No                    | No                     |             269 |           68 |
| Yes          | No                    | Yes                    |              15 |            8 |
| Yes          | Yes                   | No                     |            1099 |          353 |
+--------------+-----------------------+------------------------+-----------------+--------------+


4. Detailed Control Set Information
-----------------------------------

+------------------------------------------------------------------+------------------------------------------------------------------------------------------------------------------------------------------------------------------------------------------------------------------+------------------------------------------------------------------------------------------------------------------------------------------------------+------------------+----------------+--------------+
|                           Clock Signal                           |                                                                                                   Enable Signal                                                                                                  |                                                                   Set/Reset Signal                                                                   | Slice Load Count | Bel Load Count | Bels / Slice |
+------------------------------------------------------------------+------------------------------------------------------------------------------------------------------------------------------------------------------------------------------------------------------------------+------------------------------------------------------------------------------------------------------------------------------------------------------+------------------+----------------+--------------+
|  FFTAudio_Block_i/clk_wiz_1/inst/clk_out1                        | FFTAudio_Block_i/axi_iic_0/U0/X_IIC/REG_INTERFACE_I/p_3_in                                                                                                                                                       | FFTAudio_Block_i/axi_iic_0/U0/X_IIC/REG_INTERFACE_I/Tx_fifo_rst                                                                                      |                1 |              1 |         1.00 |
|  FFTAudio_Block_i/clk_wiz_1/inst/clk_out1                        |                                                                                                                                                                                                                  | FFTAudio_Block_i/microblaze_0/U0/MicroBlaze_Core_I/Performance.Core/Use_Debug_Logic.Master_Core.Debug_Perf/capture_1                                 |                1 |              1 |         1.00 |
| ~FFTAudio_Block_i/mdm_1/U0/No_Dbg_Reg_Access.BUFG_DRCK/Dbg_Clk_0 | FFTAudio_Block_i/mdm_1/U0/MDM_Core_I1/JTAG_CONTROL_I/Use_BSCAN.FDC_I/CE                                                                                                                                          | FFTAudio_Block_i/mdm_1/U0/MDM_Core_I1/JTAG_CONTROL_I/Use_BSCAN.FDC_I/D                                                                               |                1 |              1 |         1.00 |
|  FFTAudio_Block_i/mdm_1/U0/Use_E2.BSCAN_I/Dbg_Update_0_BUFG      | FFTAudio_Block_i/microblaze_0/U0/MicroBlaze_Core_I/Performance.Core/Use_Debug_Logic.Master_Core.Debug_Perf/Control_Reg_En                                                                                        | FFTAudio_Block_i/microblaze_0/U0/MicroBlaze_Core_I/Performance.Core/Use_Debug_Logic.Master_Core.Debug_Perf/Serial_Dbg_Intf.continue_from_brk_reg_n_0 |                1 |              1 |         1.00 |
|  FFTAudio_Block_i/mdm_1/U0/No_Dbg_Reg_Access.BUFG_DRCK/Dbg_Clk_0 | FFTAudio_Block_i/mdm_1/U0/Use_E2.BSCAN_I/Use_BSCAN.PORT_Selector_reg[0]                                                                                                                                          | FFTAudio_Block_i/mdm_1/U0/MDM_Core_I1/JTAG_CONTROL_I/Functional_Reset                                                                                |                1 |              1 |         1.00 |
| ~FFTAudio_Block_i/mdm_1/U0/Use_E2.BSCAN_I/Dbg_Update_0_BUFG      |                                                                                                                                                                                                                  | FFTAudio_Block_i/mdm_1/U0/MDM_Core_I1/JTAG_CONTROL_I/sel_n                                                                                           |                1 |              1 |         1.00 |
|  FFTAudio_Block_i/mdm_1/U0/Use_E2.BSCAN_I/Dbg_Update_0_BUFG      | FFTAudio_Block_i/microblaze_0/U0/MicroBlaze_Core_I/Performance.Core/Use_Debug_Logic.Master_Core.Debug_Perf/Control_Reg_En                                                                                        | FFTAudio_Block_i/microblaze_0/U0/MicroBlaze_Core_I/Performance.Core/Use_Debug_Logic.Master_Core.Debug_Perf/Serial_Dbg_Intf.force_stop_cmd_i_reg_0    |                1 |              1 |         1.00 |
|  FFTAudio_Block_i/mdm_1/U0/Use_E2.BSCAN_I/Dbg_Update_0_BUFG      | FFTAudio_Block_i/microblaze_0/U0/MicroBlaze_Core_I/Performance.Core/Use_Debug_Logic.Master_Core.Debug_Perf/Control_Reg_En                                                                                        | FFTAudio_Block_i/microblaze_0/U0/MicroBlaze_Core_I/Performance.Core/Use_Debug_Logic.Master_Core.Debug_Perf/start_single_step_reg_n_0                 |                1 |              1 |         1.00 |
|  FFTAudio_Block_i/mdm_1/U0/Use_E2.BSCAN_I/Dbg_Update_0_BUFG      | FFTAudio_Block_i/microblaze_0/U0/MicroBlaze_Core_I/Performance.Core/Use_Debug_Logic.Master_Core.Debug_Perf/Control_Reg_En                                                                                        | FFTAudio_Block_i/microblaze_0/U0/MicroBlaze_Core_I/Performance.Core/Use_Debug_Logic.Master_Core.Debug_Perf/Serial_Dbg_Intf.normal_stop_cmd_i_reg_n_0 |                1 |              1 |         1.00 |
|  FFTAudio_Block_i/mdm_1/U0/Use_E2.BSCAN_I/Dbg_Update_0_BUFG      | FFTAudio_Block_i/microblaze_0/U0/MicroBlaze_Core_I/Performance.Core/Use_Debug_Logic.Master_Core.Debug_Perf/Command_Reg_En                                                                                        | FFTAudio_Block_i/microblaze_0/U0/MicroBlaze_Core_I/Performance.Core/Use_Debug_Logic.Master_Core.Debug_Perf/command_reg_clear                         |                1 |              2 |         2.00 |
|  FFTAudio_Block_i/clk_wiz_1/inst/clk_out1                        | FFTAudio_Block_i/axi_iic_0/U0/X_IIC/WRITE_FIFO_CTRL_I/CI                                                                                                                                                         |                                                                                                                                                      |                1 |              2 |         2.00 |
|  FFTAudio_Block_i/mdm_1/U0/Use_E2.BSCAN_I/Dbg_Update_0_BUFG      |                                                                                                                                                                                                                  |                                                                                                                                                      |                1 |              3 |         3.00 |
|  FFTAudio_Block_i/clk_wiz_1/inst/clk_out1                        |                                                                                                                                                                                                                  | FFTAudio_Block_i/axi_gpio_1/U0/AXI_LITE_IPIF_I/I_SLAVE_ATTACHMENT/clear                                                                              |                1 |              4 |         4.00 |
|  FFTAudio_Block_i/clk_wiz_1/inst/clk_out1                        |                                                                                                                                                                                                                  | FFTAudio_Block_i/axi_gpio_0/U0/AXI_LITE_IPIF_I/I_SLAVE_ATTACHMENT/clear                                                                              |                1 |              4 |         4.00 |
|  FFTAudio_Block_i/mdm_1/U0/Use_E2.BSCAN_I/Dbg_Update_0_BUFG      | FFTAudio_Block_i/mdm_1/U0/MDM_Core_I1/MDM_SEL                                                                                                                                                                    | FFTAudio_Block_i/mdm_1/U0/Use_E2.BSCAN_I/AR[0]                                                                                                       |                1 |              4 |         4.00 |
|  FFTAudio_Block_i/mdm_1/U0/No_Dbg_Reg_Access.BUFG_DRCK/Dbg_Clk_0 | FFTAudio_Block_i/mdm_1/U0/MDM_Core_I1/TDI_Shifter0                                                                                                                                                               | FFTAudio_Block_i/mdm_1/U0/Use_E2.BSCAN_I/AR[0]                                                                                                       |                1 |              4 |         4.00 |
|  FFTAudio_Block_i/clk_wiz_1/inst/clk_out1                        |                                                                                                                                                                                                                  | FFTAudio_Block_i/axi_gpio_2/U0/AXI_LITE_IPIF_I/I_SLAVE_ATTACHMENT/clear                                                                              |                1 |              4 |         4.00 |
| ~FFTAudio_Block_i/mdm_1/U0/Use_E2.BSCAN_I/Dbg_Update_0_BUFG      |                                                                                                                                                                                                                  | FFTAudio_Block_i/mdm_1/U0/Use_E2.BSCAN_I/AR[0]                                                                                                       |                1 |              4 |         4.00 |
|  FFTAudio_Block_i/clk_wiz_1/inst/clk_out1                        |                                                                                                                                                                                                                  | FFTAudio_Block_i/axi_iic_0/U0/X_IIC/X_AXI_IPIF_SSP1/AXI_LITE_IPIF_I/I_SLAVE_ATTACHMENT/INCLUDE_DPHASE_TIMER.dpto_cnt[3]_i_1_n_0                      |                2 |              4 |         2.00 |
|  FFTAudio_Block_i/clk_wiz_1/inst/clk_out1                        | FFTAudio_Block_i/axi_uartlite_0/U0/AXI_LITE_IPIF_I/I_SLAVE_ATTACHMENT/start2                                                                                                                                     | FFTAudio_Block_i/axi_uartlite_0/U0/AXI_LITE_IPIF_I/I_SLAVE_ATTACHMENT/I_DECODER/cs_ce_clr                                                            |                1 |              4 |         4.00 |
|  FFTAudio_Block_i/clk_wiz_1/inst/clk_out1                        |                                                                                                                                                                                                                  | FFTAudio_Block_i/axi_gpio_1/U0/AXI_LITE_IPIF_I/I_SLAVE_ATTACHMENT/I_DECODER/bus2ip_rnw_i_reg                                                         |                1 |              4 |         4.00 |
|  FFTAudio_Block_i/clk_wiz_1/inst/clk_out1                        | FFTAudio_Block_i/xadc_wiz_0/inst/AXI_XADC_CORE_I/D[6]                                                                                                                                                            | FFTAudio_Block_i/xadc_wiz_0/inst/AXI_LITE_IPIF_I/I_SLAVE_ATTACHMENT/reset2ip_reset                                                                   |                2 |              4 |         2.00 |
|  FFTAudio_Block_i/clk_wiz_1/inst/clk_out1                        | FFTAudio_Block_i/axi_gpio_1/U0/AXI_LITE_IPIF_I/I_SLAVE_ATTACHMENT/I_DECODER/E[0]                                                                                                                                 | FFTAudio_Block_i/axi_gpio_1/U0/AXI_LITE_IPIF_I/I_SLAVE_ATTACHMENT/SR[0]                                                                              |                1 |              4 |         4.00 |
|  FFTAudio_Block_i/clk_wiz_1/inst/clk_out1                        |                                                                                                                                                                                                                  | FFTAudio_Block_i/microblaze_0_axi_intc/U0/AXI_LITE_IPIF_I/I_SLAVE_ATTACHMENT/INCLUDE_DPHASE_TIMER.dpto_cnt[3]_i_1_n_0                                |                1 |              4 |         4.00 |
|  FFTAudio_Block_i/clk_wiz_1/inst/clk_out1                        | FFTAudio_Block_i/axi_gpio_1/U0/AXI_LITE_IPIF_I/I_SLAVE_ATTACHMENT/start2                                                                                                                                         | FFTAudio_Block_i/axi_gpio_1/U0/AXI_LITE_IPIF_I/I_SLAVE_ATTACHMENT/I_DECODER/cs_ce_clr                                                                |                1 |              4 |         4.00 |
|  FFTAudio_Block_i/clk_wiz_1/inst/clk_out1                        | FFTAudio_Block_i/axi_uartlite_0/U0/UARTLITE_CORE_I/BAUD_RATE_I/en_16x_Baud                                                                                                                                       |                                                                                                                                                      |                2 |              4 |         2.00 |
|  FFTAudio_Block_i/clk_wiz_1/inst/clk_out1                        | FFTAudio_Block_i/axi_gpio_1/U0/AXI_LITE_IPIF_I/I_SLAVE_ATTACHMENT/bus2ip_addr_i[8]_i_1_n_0                                                                                                                       | FFTAudio_Block_i/axi_gpio_1/U0/AXI_LITE_IPIF_I/I_SLAVE_ATTACHMENT/SR[0]                                                                              |                1 |              4 |         4.00 |
|  FFTAudio_Block_i/clk_wiz_1/inst/clk_out1                        | FFTAudio_Block_i/axi_iic_0/U0/X_IIC/READ_FIFO_I/Rc_Data_Exists                                                                                                                                                   | FFTAudio_Block_i/axi_iic_0/U0/X_IIC/X_AXI_IPIF_SSP1/X_SOFT_RESET/Bus2IIC_Reset                                                                       |                1 |              4 |         4.00 |
|  FFTAudio_Block_i/clk_wiz_1/inst/clk_out1                        | FFTAudio_Block_i/axi_iic_0/U0/X_IIC/WRITE_FIFO_CTRL_I/Data_Exists_DFF_0                                                                                                                                          | FFTAudio_Block_i/axi_iic_0/U0/X_IIC/REG_INTERFACE_I/Tx_fifo_rst                                                                                      |                1 |              4 |         4.00 |
|  FFTAudio_Block_i/clk_wiz_1/inst/clk_out1                        | FFTAudio_Block_i/axi_iic_0/U0/X_IIC/WRITE_FIFO_I/Tx_data_exists                                                                                                                                                  | FFTAudio_Block_i/axi_iic_0/U0/X_IIC/REG_INTERFACE_I/Tx_fifo_rst                                                                                      |                1 |              4 |         4.00 |
|  FFTAudio_Block_i/clk_wiz_1/inst/clk_out1                        | FFTAudio_Block_i/axi_iic_0/U0/X_IIC/X_AXI_IPIF_SSP1/AXI_LITE_IPIF_I/I_SLAVE_ATTACHMENT/I_DECODER/Bus2IIC_WrCE[8]                                                                                                 | FFTAudio_Block_i/axi_iic_0/U0/X_IIC/X_AXI_IPIF_SSP1/X_SOFT_RESET/Bus2IIC_Reset                                                                       |                1 |              4 |         4.00 |
|  FFTAudio_Block_i/clk_wiz_1/inst/clk_out1                        | FFTAudio_Block_i/axi_iic_0/U0/X_IIC/IIC_CONTROL_I/BITCNT/q_int[0]_i_1__0_n_0                                                                                                                                     | FFTAudio_Block_i/axi_iic_0/U0/X_IIC/REG_INTERFACE_I/cr_i_reg[7]_0                                                                                    |                2 |              4 |         2.00 |
|  FFTAudio_Block_i/clk_wiz_1/inst/clk_out1                        |                                                                                                                                                                                                                  | FFTAudio_Block_i/rst_clk_wiz_1_100M/U0/EXT_LPF/lpf_int                                                                                               |                2 |              5 |         2.50 |
|  FFTAudio_Block_i/clk_wiz_1/inst/clk_out1                        | FFTAudio_Block_i/microblaze_0/U0/MicroBlaze_Core_I/Performance.Core/Decode_I/wb_Halted                                                                                                                           | FFTAudio_Block_i/microblaze_0/U0/MicroBlaze_Core_I/sync_reset                                                                                        |                1 |              5 |         5.00 |
|  FFTAudio_Block_i/clk_wiz_1/inst/clk_out1                        | FFTAudio_Block_i/axi_iic_0/U0/X_IIC/X_AXI_IPIF_SSP1/AXI_LITE_IPIF_I/I_SLAVE_ATTACHMENT/I_DECODER/Bus2IIC_WrCE[11]                                                                                                | FFTAudio_Block_i/axi_iic_0/U0/X_IIC/X_AXI_IPIF_SSP1/X_SOFT_RESET/Bus2IIC_Reset                                                                       |                1 |              5 |         5.00 |
|  FFTAudio_Block_i/clk_wiz_1/inst/clk_out1                        | FFTAudio_Block_i/axi_gpio_1/U0/AXI_LITE_IPIF_I/I_SLAVE_ATTACHMENT/s_axi_rresp_i                                                                                                                                  | FFTAudio_Block_i/axi_gpio_1/U0/AXI_LITE_IPIF_I/I_SLAVE_ATTACHMENT/SR[0]                                                                              |                1 |              5 |         5.00 |
|  FFTAudio_Block_i/mdm_1/U0/Use_E2.BSCAN_I/Dbg_Update_0_BUFG      | FFTAudio_Block_i/microblaze_0/U0/MicroBlaze_Core_I/Performance.Core/Use_Debug_Logic.Master_Core.Debug_Perf/Control_Reg_En                                                                                        |                                                                                                                                                      |                3 |              5 |         1.67 |
|  FFTAudio_Block_i/mdm_1/U0/No_Dbg_Reg_Access.BUFG_DRCK/Dbg_Clk_0 | FFTAudio_Block_i/mdm_1/U0/Use_E2.BSCAN_I/sel                                                                                                                                                                     |                                                                                                                                                      |                2 |              6 |         3.00 |
|  FFTAudio_Block_i/mdm_1/U0/No_Dbg_Reg_Access.BUFG_DRCK/Dbg_Clk_0 | FFTAudio_Block_i/mdm_1/U0/Use_E2.BSCAN_I/Use_BSCAN.command_reg[6]                                                                                                                                                |                                                                                                                                                      |                2 |              6 |         3.00 |
|  FFTAudio_Block_i/clk_wiz_1/inst/clk_out1                        | FFTAudio_Block_i/axi_gpio_2/U0/AXI_LITE_IPIF_I/I_SLAVE_ATTACHMENT/I_DECODER/bus2ip_rnw_i_reg[0]                                                                                                                  | FFTAudio_Block_i/axi_gpio_2/U0/AXI_LITE_IPIF_I/I_SLAVE_ATTACHMENT/SR[0]                                                                              |                1 |              6 |         6.00 |
|  FFTAudio_Block_i/clk_wiz_1/inst/clk_out1                        |                                                                                                                                                                                                                  | FFTAudio_Block_i/axi_uartlite_0/U0/UARTLITE_CORE_I/UARTLITE_RX_I/SRL_FIFO_I/I_SRL_FIFO_RBU_F/CNTR_INCR_DECR_ADDN_F_I/SS[0]                           |                2 |              6 |         3.00 |
|  FFTAudio_Block_i/clk_wiz_1/inst/clk_out1                        | FFTAudio_Block_i/axi_gpio_2/U0/AXI_LITE_IPIF_I/I_SLAVE_ATTACHMENT/I_DECODER/E[0]                                                                                                                                 | FFTAudio_Block_i/axi_gpio_2/U0/AXI_LITE_IPIF_I/I_SLAVE_ATTACHMENT/SR[0]                                                                              |                1 |              6 |         6.00 |
|  FFTAudio_Block_i/clk_wiz_1/inst/clk_out1                        |                                                                                                                                                                                                                  | FFTAudio_Block_i/axi_uartlite_0/U0/UARTLITE_CORE_I/UARTLITE_TX_I/SRL_FIFO_I/I_SRL_FIFO_RBU_F/CNTR_INCR_DECR_ADDN_F_I/SS[0]                           |                3 |              6 |         2.00 |
|  FFTAudio_Block_i/clk_wiz_1/inst/clk_out1                        | FFTAudio_Block_i/rst_clk_wiz_1_100M/U0/SEQ/seq_cnt_en                                                                                                                                                            | FFTAudio_Block_i/rst_clk_wiz_1_100M/U0/SEQ/SEQ_COUNTER/clear                                                                                         |                1 |              6 |         6.00 |
|  FFTAudio_Block_i/mdm_1/U0/No_Dbg_Reg_Access.BUFG_DRCK/Dbg_Clk_0 | FFTAudio_Block_i/mdm_1/U0/MDM_Core_I1/JTAG_CONTROL_I/Use_BSCAN.FDC_I/sample_1                                                                                                                                    |                                                                                                                                                      |                1 |              6 |         6.00 |
|  FFTAudio_Block_i/clk_wiz_1/inst/clk_out1                        |                                                                                                                                                                                                                  | FFTAudio_Block_i/axi_iic_0/U0/X_IIC/REG_INTERFACE_I/Tx_fifo_rst                                                                                      |                3 |              6 |         2.00 |
|  FFTAudio_Block_i/clk_wiz_1/inst/clk_out1                        |                                                                                                                                                                                                                  | FFTAudio_Block_i/axi_iic_0/U0/X_IIC/X_AXI_IPIF_SSP1/X_SOFT_RESET/AXI_Bus2IP_Reset                                                                    |                1 |              6 |         6.00 |
|  FFTAudio_Block_i/clk_wiz_1/inst/clk_out1                        | FFTAudio_Block_i/axi_iic_0/U0/X_IIC/X_AXI_IPIF_SSP1/AXI_LITE_IPIF_I/I_SLAVE_ATTACHMENT/I_DECODER/Bus2IIC_WrCE[9]                                                                                                 | FFTAudio_Block_i/axi_iic_0/U0/X_IIC/X_AXI_IPIF_SSP1/X_SOFT_RESET/Bus2IIC_Reset                                                                       |                2 |              7 |         3.50 |
|  FFTAudio_Block_i/clk_wiz_1/inst/clk_out1                        | FFTAudio_Block_i/axi_uartlite_0/U0/UARTLITE_CORE_I/BAUD_RATE_I/en_16x_Baud                                                                                                                                       | FFTAudio_Block_i/axi_uartlite_0/U0/UARTLITE_CORE_I/UARTLITE_RX_I/SERIAL_TO_PARALLEL[8].fifo_din[8]_i_1_n_0                                           |                1 |              7 |         7.00 |
|  FFTAudio_Block_i/clk_wiz_1/inst/clk_out1                        |                                                                                                                                                                                                                  | FFTAudio_Block_i/xadc_wiz_0/inst/AXI_LITE_IPIF_I/I_SLAVE_ATTACHMENT/dpto_cnt0                                                                        |                2 |              7 |         3.50 |
|  FFTAudio_Block_i/clk_wiz_1/inst/clk_out1                        | FFTAudio_Block_i/axi_iic_0/U0/X_IIC/IIC_CONTROL_I/I2CDATA_REG/data_int[7]_i_1_n_0                                                                                                                                | FFTAudio_Block_i/axi_iic_0/U0/X_IIC/REG_INTERFACE_I/cr_i_reg[7]_0                                                                                    |                2 |              8 |         4.00 |
|  FFTAudio_Block_i/clk_wiz_1/inst/clk_out1                        | FFTAudio_Block_i/microblaze_0_axi_intc/U0/AXI_LITE_IPIF_I/I_SLAVE_ATTACHMENT/bus2ip_addr_i[8]_i_1_n_0                                                                                                            | FFTAudio_Block_i/microblaze_0_axi_intc/U0/AXI_LITE_IPIF_I/I_SLAVE_ATTACHMENT/rst                                                                     |                2 |              8 |         4.00 |
|  FFTAudio_Block_i/clk_wiz_1/inst/clk_out1                        | FFTAudio_Block_i/axi_uartlite_0/U0/UARTLITE_CORE_I/UARTLITE_RX_I/SRL_FIFO_I/I_SRL_FIFO_RBU_F/DYNSHREG_F_I/fifo_wr                                                                                                |                                                                                                                                                      |                1 |              8 |         8.00 |
|  FFTAudio_Block_i/clk_wiz_1/inst/clk_out1                        | FFTAudio_Block_i/axi_iic_0/U0/X_IIC/X_AXI_IPIF_SSP1/AXI_LITE_IPIF_I/I_SLAVE_ATTACHMENT/I_DECODER/E[0]                                                                                                            | FFTAudio_Block_i/axi_iic_0/U0/X_IIC/X_AXI_IPIF_SSP1/X_SOFT_RESET/Bus2IIC_Reset                                                                       |                2 |              8 |         4.00 |
|  FFTAudio_Block_i/clk_wiz_1/inst/clk_out1                        | FFTAudio_Block_i/axi_uartlite_0/U0/AXI_LITE_IPIF_I/I_SLAVE_ATTACHMENT/s_axi_rresp_i                                                                                                                              | FFTAudio_Block_i/axi_uartlite_0/U0/AXI_LITE_IPIF_I/I_SLAVE_ATTACHMENT/rst                                                                            |                3 |              8 |         2.67 |
|  FFTAudio_Block_i/clk_wiz_1/inst/clk_out1                        | FFTAudio_Block_i/axi_gpio_2/U0/AXI_LITE_IPIF_I/I_SLAVE_ATTACHMENT/bus2ip_addr_i[8]_i_1_n_0                                                                                                                       | FFTAudio_Block_i/axi_gpio_2/U0/AXI_LITE_IPIF_I/I_SLAVE_ATTACHMENT/SR[0]                                                                              |                2 |              8 |         4.00 |
|  FFTAudio_Block_i/clk_wiz_1/inst/clk_out1                        | FFTAudio_Block_i/axi_iic_0/U0/X_IIC/IIC_CONTROL_I/i2c_header_en                                                                                                                                                  | FFTAudio_Block_i/axi_iic_0/U0/X_IIC/REG_INTERFACE_I/cr_i_reg[7]_0                                                                                    |                2 |              8 |         4.00 |
|  FFTAudio_Block_i/clk_wiz_1/inst/clk_out1                        | FFTAudio_Block_i/axi_uartlite_0/U0/AXI_LITE_IPIF_I/I_SLAVE_ATTACHMENT/I_DECODER/fifo_wr                                                                                                                          |                                                                                                                                                      |                1 |              8 |         8.00 |
|  FFTAudio_Block_i/clk_wiz_1/inst/clk_out1                        | FFTAudio_Block_i/axi_gpio_2/U0/AXI_LITE_IPIF_I/I_SLAVE_ATTACHMENT/s_axi_rresp_i                                                                                                                                  | FFTAudio_Block_i/axi_gpio_2/U0/AXI_LITE_IPIF_I/I_SLAVE_ATTACHMENT/SR[0]                                                                              |                3 |              8 |         2.67 |
|  FFTAudio_Block_i/clk_wiz_1/inst/clk_out1                        | FFTAudio_Block_i/axi_gpio_0/U0/AXI_LITE_IPIF_I/I_SLAVE_ATTACHMENT/bus2ip_addr_i[8]_i_1_n_0                                                                                                                       | FFTAudio_Block_i/axi_gpio_0/U0/AXI_LITE_IPIF_I/I_SLAVE_ATTACHMENT/SR[0]                                                                              |                2 |              8 |         4.00 |
|  FFTAudio_Block_i/clk_wiz_1/inst/clk_out1                        | FFTAudio_Block_i/axi_iic_0/U0/X_IIC/READ_FIFO_I/CI                                                                                                                                                               |                                                                                                                                                      |                1 |              8 |         8.00 |
|  FFTAudio_Block_i/clk_wiz_1/inst/clk_out1                        | FFTAudio_Block_i/axi_iic_0/U0/X_IIC/IIC_CONTROL_I/data_i2c_i0                                                                                                                                                    | FFTAudio_Block_i/axi_iic_0/U0/X_IIC/REG_INTERFACE_I/cr_i_reg[7]_0                                                                                    |                1 |              8 |         8.00 |
|  FFTAudio_Block_i/clk_wiz_1/inst/clk_out1                        | FFTAudio_Block_i/axi_iic_0/U0/X_IIC/DYN_MASTER_I/rdByteCntr[0]_i_1_n_0                                                                                                                                           | FFTAudio_Block_i/axi_iic_0/U0/X_IIC/REG_INTERFACE_I/Tx_fifo_rst                                                                                      |                3 |              8 |         2.67 |
|  FFTAudio_Block_i/mdm_1/U0/No_Dbg_Reg_Access.BUFG_DRCK/Dbg_Clk_0 | FFTAudio_Block_i/mdm_1/U0/MDM_Core_I1/JTAG_CONTROL_I/tdi_shifter0                                                                                                                                                |                                                                                                                                                      |                2 |              8 |         4.00 |
|  FFTAudio_Block_i/mdm_1/U0/Use_E2.BSCAN_I/Dbg_Update_0_BUFG      | FFTAudio_Block_i/mdm_1/U0/MDM_Core_I1/JTAG_CONTROL_I/Use_BSCAN.FDC_I/command_10                                                                                                                                  |                                                                                                                                                      |                1 |              8 |         8.00 |
|  FFTAudio_Block_i/mdm_1/U0/No_Dbg_Reg_Access.BUFG_DRCK/Dbg_Clk_0 | FFTAudio_Block_i/microblaze_0/U0/MicroBlaze_Core_I/Performance.Core/Use_Debug_Logic.Master_Core.Debug_Perf/Using_PC_Breakpoints.All_PC_Brks[0].Serial_Interface_1.address_hit_I/Compare[0].SRLC16E_I/which_pc__0 |                                                                                                                                                      |                7 |              8 |         1.14 |
|  FFTAudio_Block_i/clk_wiz_1/inst/clk_out1                        | FFTAudio_Block_i/axi_iic_0/U0/X_IIC/WRITE_FIFO_I/CI                                                                                                                                                              |                                                                                                                                                      |                1 |              8 |         8.00 |
| ~FFTAudio_Block_i/mdm_1/U0/Use_E2.BSCAN_I/Dbg_Update_0_BUFG      | FFTAudio_Block_i/mdm_1/U0/MDM_Core_I1/JTAG_CONTROL_I/Use_BSCAN.command[0]_i_1_n_0                                                                                                                                |                                                                                                                                                      |                2 |              8 |         4.00 |
|  FFTAudio_Block_i/clk_wiz_1/inst/clk_out1                        | FFTAudio_Block_i/axi_iic_0/U0/X_IIC/IIC_CONTROL_I/CLKCNT/q_int[0]_i_1__1_n_0                                                                                                                                     | FFTAudio_Block_i/axi_iic_0/U0/X_IIC/REG_INTERFACE_I/cr_i_reg[7]_0                                                                                    |                5 |             10 |         2.00 |
|  FFTAudio_Block_i/clk_wiz_1/inst/clk_out1                        | FFTAudio_Block_i/axi_iic_0/U0/X_IIC/IIC_CONTROL_I/SETUP_CNT/q_int[0]_i_1_n_0                                                                                                                                     | FFTAudio_Block_i/axi_iic_0/U0/X_IIC/REG_INTERFACE_I/cr_i_reg[7]_0                                                                                    |                2 |             10 |         5.00 |
|  FFTAudio_Block_i/clk_wiz_1/inst/clk_out1                        | FFTAudio_Block_i/axi_iic_0/U0/X_IIC/IIC_CONTROL_I/FSM_onehot_scl_state[9]_i_2_n_0                                                                                                                                | FFTAudio_Block_i/axi_iic_0/U0/X_IIC/REG_INTERFACE_I/cr_i_reg[7]_0                                                                                    |                5 |             10 |         2.00 |
|  FFTAudio_Block_i/mdm_1/U0/No_Dbg_Reg_Access.BUFG_DRCK/Dbg_Clk_0 | FFTAudio_Block_i/mdm_1/U0/MDM_Core_I1/JTAG_CONTROL_I/Use_BSCAN.FDC_I/Use_Serial_Unified_Completion.completion_block_reg                                                                                          |                                                                                                                                                      |                4 |             10 |         2.50 |
|  FFTAudio_Block_i/clk_wiz_1/inst/clk_out1                        | FFTAudio_Block_i/axi_iic_0/U0/X_IIC/X_AXI_IPIF_SSP1/AXI_LITE_IPIF_I/I_SLAVE_ATTACHMENT/I_DECODER/Bus2IIC_WrCE[0]                                                                                                 | FFTAudio_Block_i/axi_iic_0/U0/X_IIC/X_AXI_IPIF_SSP1/X_SOFT_RESET/Bus2IIC_Reset                                                                       |                3 |             10 |         3.33 |
|  FFTAudio_Block_i/clk_wiz_1/inst/clk_out1                        |                                                                                                                                                                                                                  | FFTAudio_Block_i/axi_uartlite_0/U0/AXI_LITE_IPIF_I/I_SLAVE_ATTACHMENT/rst                                                                            |                3 |             10 |         3.33 |
|  FFTAudio_Block_i/clk_wiz_1/inst/clk_out1                        | FFTAudio_Block_i/axi_gpio_0/U0/AXI_LITE_IPIF_I/I_SLAVE_ATTACHMENT/I_DECODER/bus2ip_rnw_i_reg[0]                                                                                                                  | FFTAudio_Block_i/axi_gpio_0/U0/AXI_LITE_IPIF_I/I_SLAVE_ATTACHMENT/SR[0]                                                                              |                2 |             10 |         5.00 |
|  FFTAudio_Block_i/clk_wiz_1/inst/clk_out1                        | FFTAudio_Block_i/axi_iic_0/U0/X_IIC/X_AXI_IPIF_SSP1/AXI_LITE_IPIF_I/I_SLAVE_ATTACHMENT/I_DECODER/Bus2IIC_WrCE[1]                                                                                                 | FFTAudio_Block_i/axi_iic_0/U0/X_IIC/X_AXI_IPIF_SSP1/X_SOFT_RESET/Bus2IIC_Reset                                                                       |                3 |             10 |         3.33 |
|  FFTAudio_Block_i/clk_wiz_1/inst/clk_out1                        | FFTAudio_Block_i/axi_iic_0/U0/X_IIC/X_AXI_IPIF_SSP1/AXI_LITE_IPIF_I/I_SLAVE_ATTACHMENT/I_DECODER/Bus2IIC_WrCE[3]                                                                                                 | FFTAudio_Block_i/axi_iic_0/U0/X_IIC/X_AXI_IPIF_SSP1/X_SOFT_RESET/Bus2IIC_Reset                                                                       |                2 |             10 |         5.00 |
|  FFTAudio_Block_i/clk_wiz_1/inst/clk_out1                        | FFTAudio_Block_i/axi_iic_0/U0/X_IIC/X_AXI_IPIF_SSP1/AXI_LITE_IPIF_I/I_SLAVE_ATTACHMENT/I_DECODER/Bus2IIC_WrCE[6]                                                                                                 | FFTAudio_Block_i/axi_iic_0/U0/X_IIC/X_AXI_IPIF_SSP1/X_SOFT_RESET/Bus2IIC_Reset                                                                       |                4 |             10 |         2.50 |
|  FFTAudio_Block_i/clk_wiz_1/inst/clk_out1                        | FFTAudio_Block_i/axi_iic_0/U0/X_IIC/X_AXI_IPIF_SSP1/AXI_LITE_IPIF_I/I_SLAVE_ATTACHMENT/I_DECODER/Bus2IIC_WrCE[5]                                                                                                 | FFTAudio_Block_i/axi_iic_0/U0/X_IIC/X_AXI_IPIF_SSP1/X_SOFT_RESET/Bus2IIC_Reset                                                                       |                4 |             10 |         2.50 |
|  FFTAudio_Block_i/clk_wiz_1/inst/clk_out1                        | FFTAudio_Block_i/axi_iic_0/U0/X_IIC/X_AXI_IPIF_SSP1/AXI_LITE_IPIF_I/I_SLAVE_ATTACHMENT/I_DECODER/Bus2IIC_WrCE[7]                                                                                                 | FFTAudio_Block_i/axi_iic_0/U0/X_IIC/X_AXI_IPIF_SSP1/X_SOFT_RESET/Bus2IIC_Reset                                                                       |                4 |             10 |         2.50 |
|  FFTAudio_Block_i/clk_wiz_1/inst/clk_out1                        | FFTAudio_Block_i/axi_iic_0/U0/X_IIC/X_AXI_IPIF_SSP1/AXI_LITE_IPIF_I/I_SLAVE_ATTACHMENT/I_DECODER/Bus2IIC_WrCE[2]                                                                                                 | FFTAudio_Block_i/axi_iic_0/U0/X_IIC/X_AXI_IPIF_SSP1/X_SOFT_RESET/Bus2IIC_Reset                                                                       |                4 |             10 |         2.50 |
|  FFTAudio_Block_i/clk_wiz_1/inst/clk_out1                        | FFTAudio_Block_i/axi_iic_0/U0/X_IIC/X_AXI_IPIF_SSP1/AXI_LITE_IPIF_I/I_SLAVE_ATTACHMENT/I_DECODER/Bus2IIC_WrCE[4]                                                                                                 | FFTAudio_Block_i/axi_iic_0/U0/X_IIC/X_AXI_IPIF_SSP1/X_SOFT_RESET/Bus2IIC_Reset                                                                       |                4 |             10 |         2.50 |
|  FFTAudio_Block_i/clk_wiz_1/inst/clk_out1                        | FFTAudio_Block_i/axi_iic_0/U0/X_IIC/X_AXI_IPIF_SSP1/AXI_LITE_IPIF_I/I_SLAVE_ATTACHMENT/bus2ip_addr_i[8]_i_1_n_0                                                                                                  | FFTAudio_Block_i/axi_iic_0/U0/X_IIC/X_AXI_IPIF_SSP1/AXI_LITE_IPIF_I/I_SLAVE_ATTACHMENT/rst                                                           |                2 |             10 |         5.00 |
|  FFTAudio_Block_i/clk_wiz_1/inst/clk_out1                        | FFTAudio_Block_i/axi_gpio_0/U0/AXI_LITE_IPIF_I/I_SLAVE_ATTACHMENT/I_DECODER/E[0]                                                                                                                                 | FFTAudio_Block_i/axi_gpio_0/U0/AXI_LITE_IPIF_I/I_SLAVE_ATTACHMENT/SR[0]                                                                              |                2 |             10 |         5.00 |
|  FFTAudio_Block_i/clk_wiz_1/inst/clk_out1                        |                                                                                                                                                                                                                  | FFTAudio_Block_i/microblaze_0_axi_intc/U0/AXI_LITE_IPIF_I/I_SLAVE_ATTACHMENT/rst                                                                     |                4 |             11 |         2.75 |
|  FFTAudio_Block_i/clk_wiz_1/inst/clk_out1                        | FFTAudio_Block_i/axi_iic_0/U0/X_IIC/X_AXI_IPIF_SSP1/AXI_LITE_IPIF_I/I_SLAVE_ATTACHMENT/s_axi_rresp_i                                                                                                             | FFTAudio_Block_i/axi_iic_0/U0/X_IIC/X_AXI_IPIF_SSP1/AXI_LITE_IPIF_I/I_SLAVE_ATTACHMENT/rst                                                           |                4 |             11 |         2.75 |
|  FFTAudio_Block_i/clk_wiz_1/inst/clk_out1                        |                                                                                                                                                                                                                  | FFTAudio_Block_i/axi_iic_0/U0/X_IIC/X_AXI_IPIF_SSP1/AXI_LITE_IPIF_I/I_SLAVE_ATTACHMENT/rst                                                           |                5 |             11 |         2.20 |
|  FFTAudio_Block_i/clk_wiz_1/inst/clk_out1                        |                                                                                                                                                                                                                  | FFTAudio_Block_i/axi_gpio_2/U0/AXI_LITE_IPIF_I/I_SLAVE_ATTACHMENT/I_DECODER/Read_Reg_Rst                                                             |                4 |             12 |         3.00 |
|  FFTAudio_Block_i/clk_wiz_1/inst/clk_out1                        | FFTAudio_Block_i/axi_gpio_0/U0/AXI_LITE_IPIF_I/I_SLAVE_ATTACHMENT/s_axi_rresp_i                                                                                                                                  | FFTAudio_Block_i/axi_gpio_0/U0/AXI_LITE_IPIF_I/I_SLAVE_ATTACHMENT/SR[0]                                                                              |                3 |             12 |         4.00 |
|  FFTAudio_Block_i/clk_wiz_1/inst/clk_out1                        | FFTAudio_Block_i/microblaze_0/U0/MicroBlaze_Core_I/Performance.Core/Decode_I/PreFetch_Buffer_I1/Instruction_Prefetch_Mux[4].Gen_Instr_DFF/E[0]                                                                   | FFTAudio_Block_i/microblaze_0/U0/MicroBlaze_Core_I/sync_reset                                                                                        |                4 |             16 |         4.00 |
|  FFTAudio_Block_i/clk_wiz_1/inst/clk_out1                        |                                                                                                                                                                                                                  | FFTAudio_Block_i/xadc_wiz_0/inst/AXI_XADC_CORE_I/do_reg[15]_i_1_n_0                                                                                  |                3 |             16 |         5.33 |
|  FFTAudio_Block_i/clk_wiz_1/inst/clk_out1                        | FFTAudio_Block_i/xadc_wiz_0/inst/AXI_LITE_IPIF_I/I_SLAVE_ATTACHMENT/I_DECODER/E[0]                                                                                                                               | FFTAudio_Block_i/xadc_wiz_0/inst/AXI_LITE_IPIF_I/I_SLAVE_ATTACHMENT/reset2ip_reset                                                                   |                4 |             17 |         4.25 |
|  FFTAudio_Block_i/clk_wiz_1/inst/clk_out1                        |                                                                                                                                                                                                                  | FFTAudio_Block_i/microblaze_0_axi_periph/xbar/inst/gen_sasd.crossbar_sasd_0/addr_arbiter_inst/SR[0]                                                  |                8 |             18 |         2.25 |
|  FFTAudio_Block_i/clk_wiz_1/inst/clk_out1                        | FFTAudio_Block_i/microblaze_0_axi_intc/U0/AXI_LITE_IPIF_I/I_SLAVE_ATTACHMENT/start2                                                                                                                              | FFTAudio_Block_i/microblaze_0_axi_intc/U0/AXI_LITE_IPIF_I/I_SLAVE_ATTACHMENT/I_DECODER/cs_ce_clr                                                     |                5 |             19 |         3.80 |
|  FFTAudio_Block_i/clk_wiz_1/inst/clk_out1                        | FFTAudio_Block_i/xadc_wiz_0/inst/AXI_LITE_IPIF_I/I_SLAVE_ATTACHMENT/s_axi_rresp_i                                                                                                                                | FFTAudio_Block_i/xadc_wiz_0/inst/AXI_LITE_IPIF_I/I_SLAVE_ATTACHMENT/SR[0]                                                                            |                6 |             19 |         3.17 |
|  FFTAudio_Block_i/clk_wiz_1/inst/clk_out1                        |                                                                                                                                                                                                                  | FFTAudio_Block_i/axi_gpio_0/U0/gpio_core_1/Read_Reg_Rst                                                                                              |                6 |             20 |         3.33 |
|  FFTAudio_Block_i/clk_wiz_1/inst/clk_out1                        |                                                                                                                                                                                                                  | FFTAudio_Block_i/axi_gpio_1/U0/AXI_LITE_IPIF_I/I_SLAVE_ATTACHMENT/SR[0]                                                                              |                7 |             20 |         2.86 |
|  FFTAudio_Block_i/clk_wiz_1/inst/clk_out1                        | FFTAudio_Block_i/microblaze_0/U0/MicroBlaze_Core_I/Performance.Core/Decode_I/mem_wait_on_ready_N_carry_or/MUXCY_I/lopt_1                                                                                         | FFTAudio_Block_i/microblaze_0/U0/MicroBlaze_Core_I/sync_reset                                                                                        |                6 |             21 |         3.50 |
|  FFTAudio_Block_i/clk_wiz_1/inst/clk_out1                        | FFTAudio_Block_i/axi_gpio_2/U0/AXI_LITE_IPIF_I/I_SLAVE_ATTACHMENT/start2                                                                                                                                         | FFTAudio_Block_i/axi_gpio_2/U0/AXI_LITE_IPIF_I/I_SLAVE_ATTACHMENT/I_DECODER/cs_ce_clr                                                                |                4 |             21 |         5.25 |
|  FFTAudio_Block_i/clk_wiz_1/inst/clk_out1                        | FFTAudio_Block_i/axi_gpio_0/U0/AXI_LITE_IPIF_I/I_SLAVE_ATTACHMENT/start2                                                                                                                                         | FFTAudio_Block_i/axi_gpio_0/U0/AXI_LITE_IPIF_I/I_SLAVE_ATTACHMENT/I_DECODER/cs_ce_clr                                                                |                4 |             21 |         5.25 |
|  FFTAudio_Block_i/mdm_1/U0/No_Dbg_Reg_Access.BUFG_DRCK/Dbg_Clk_0 |                                                                                                                                                                                                                  | FFTAudio_Block_i/mdm_1/U0/Use_E2.BSCAN_I/Use_E2.BSCANE2_I_0                                                                                          |                5 |             23 |         4.60 |
|  FFTAudio_Block_i/clk_wiz_1/inst/clk_out1                        | FFTAudio_Block_i/axi_iic_0/U0/X_IIC/X_AXI_IPIF_SSP1/AXI_LITE_IPIF_I/I_SLAVE_ATTACHMENT/start2                                                                                                                    | FFTAudio_Block_i/axi_iic_0/U0/X_IIC/X_AXI_IPIF_SSP1/AXI_LITE_IPIF_I/I_SLAVE_ATTACHMENT/I_DECODER/cs_ce_clr                                           |                8 |             24 |         3.00 |
|  FFTAudio_Block_i/clk_wiz_1/inst/clk_out1                        | FFTAudio_Block_i/xadc_wiz_0/inst/AXI_LITE_IPIF_I/I_SLAVE_ATTACHMENT/I_DECODER/start                                                                                                                              | FFTAudio_Block_i/xadc_wiz_0/inst/AXI_LITE_IPIF_I/I_SLAVE_ATTACHMENT/I_DECODER/cs_ce_clr                                                              |                8 |             25 |         3.12 |
|  FFTAudio_Block_i/clk_wiz_1/inst/clk_out1                        |                                                                                                                                                                                                                  | FFTAudio_Block_i/xadc_wiz_0/inst/AXI_LITE_IPIF_I/I_SLAVE_ATTACHMENT/SR[0]                                                                            |                7 |             25 |         3.57 |
|  FFTAudio_Block_i/clk_wiz_1/inst/clk_out1                        | FFTAudio_Block_i/microblaze_0_axi_periph/xbar/inst/gen_sasd.crossbar_sasd_0/addr_arbiter_inst/p_0_in1_in                                                                                                         | FFTAudio_Block_i/microblaze_0_axi_periph/xbar/inst/gen_sasd.crossbar_sasd_0/addr_arbiter_inst/SR[0]                                                  |                6 |             26 |         4.33 |
|  FFTAudio_Block_i/clk_wiz_1/inst/clk_out1                        | FFTAudio_Block_i/axi_uartlite_0/U0/UARTLITE_CORE_I/BAUD_RATE_I/en_16x_Baud                                                                                                                                       | FFTAudio_Block_i/axi_uartlite_0/U0/UARTLITE_CORE_I/UARTLITE_RX_I/s_axi_aresetn_0                                                                     |                9 |             28 |         3.11 |
|  FFTAudio_Block_i/clk_wiz_1/inst/clk_out1                        |                                                                                                                                                                                                                  | FFTAudio_Block_i/microblaze_0_axi_intc/U0/INTC_CORE_I/SR[0]                                                                                          |                9 |             28 |         3.11 |
|  FFTAudio_Block_i/clk_wiz_1/inst/clk_out1                        |                                                                                                                                                                                                                  | FFTAudio_Block_i/axi_uartlite_0/U0/UARTLITE_CORE_I/UARTLITE_RX_I/s_axi_aresetn_0                                                                     |               10 |             31 |         3.10 |
|  FFTAudio_Block_i/clk_wiz_1/inst/clk_out1                        | FFTAudio_Block_i/microblaze_0_axi_periph/xbar/inst/gen_sasd.crossbar_sasd_0/reg_slice_r/aa_rready                                                                                                                |                                                                                                                                                      |                7 |             32 |         4.57 |
|  FFTAudio_Block_i/clk_wiz_1/inst/clk_out1                        | FFTAudio_Block_i/microblaze_0/U0/MicroBlaze_Core_I/Performance.Core/Decode_I/PreFetch_Buffer_I1/Gen_Mux_Select_LUT6[2].Gen_Sel_DFF/Using_FPGA.Native_1[0]                                                        | FFTAudio_Block_i/microblaze_0/U0/MicroBlaze_Core_I/sync_reset                                                                                        |                7 |             32 |         4.57 |
|  FFTAudio_Block_i/mdm_1/U0/No_Dbg_Reg_Access.BUFG_DRCK/Dbg_Clk_0 | FFTAudio_Block_i/microblaze_0/U0/MicroBlaze_Core_I/Performance.Core/Use_Debug_Logic.Master_Core.Debug_Perf/New_Dbg_Instr_TCK                                                                                     |                                                                                                                                                      |                9 |             32 |         3.56 |
|  FFTAudio_Block_i/clk_wiz_1/inst/clk_out1                        | FFTAudio_Block_i/microblaze_0/U0/MicroBlaze_Core_I/Performance.Core/Decode_I/mem_wait_on_ready_N_carry_or/MUXCY_I/lopt_1                                                                                         | FFTAudio_Block_i/microblaze_0/U0/MicroBlaze_Core_I/Performance.Core/Decode_I/SR[0]                                                                   |               13 |             32 |         2.46 |
|  FFTAudio_Block_i/clk_wiz_1/inst/clk_out1                        | FFTAudio_Block_i/microblaze_0/U0/MicroBlaze_Core_I/Performance.Core/Use_Debug_Logic.Master_Core.Debug_Perf/data_rd_reg[0]_i_1_n_0                                                                                | FFTAudio_Block_i/microblaze_0/U0/MicroBlaze_Core_I/sync_reset                                                                                        |                9 |             32 |         3.56 |
|  FFTAudio_Block_i/clk_wiz_1/inst/clk_out1                        | FFTAudio_Block_i/microblaze_0/U0/MicroBlaze_Core_I/Performance.Core/Decode_I/Use_MuxCy[3].OF_Piperun_Stage/MUXCY_I/E[0]                                                                                          | FFTAudio_Block_i/microblaze_0/U0/MicroBlaze_Core_I/sync_reset                                                                                        |                7 |             32 |         4.57 |
|  FFTAudio_Block_i/clk_wiz_1/inst/clk_out1                        | FFTAudio_Block_i/microblaze_0/U0/MicroBlaze_Core_I/Performance.Core/Decode_I/Use_MuxCy[3].OF_Piperun_Stage/MUXCY_I/Using_FPGA.Native_0                                                                           | FFTAudio_Block_i/microblaze_0/U0/MicroBlaze_Core_I/Performance.Core/Decode_I/R                                                                       |               13 |             32 |         2.46 |
|  FFTAudio_Block_i/clk_wiz_1/inst/clk_out1                        | FFTAudio_Block_i/microblaze_0_axi_intc/U0/INTC_CORE_I/irq                                                                                                                                                        |                                                                                                                                                      |                6 |             32 |         5.33 |
|  FFTAudio_Block_i/clk_wiz_1/inst/clk_out1                        |                                                                                                                                                                                                                  | FFTAudio_Block_i/microblaze_0/U0/MicroBlaze_Core_I/Performance.Core/wb_dlmb_valid_read_data0                                                         |               11 |             32 |         2.91 |
|  FFTAudio_Block_i/clk_wiz_1/inst/clk_out1                        | FFTAudio_Block_i/microblaze_0_axi_intc/U0/AXI_LITE_IPIF_I/I_SLAVE_ATTACHMENT/s_axi_rresp_i                                                                                                                       | FFTAudio_Block_i/microblaze_0_axi_intc/U0/AXI_LITE_IPIF_I/I_SLAVE_ATTACHMENT/rst                                                                     |               10 |             32 |         3.20 |
|  FFTAudio_Block_i/clk_wiz_1/inst/clk_out1                        | FFTAudio_Block_i/microblaze_0_axi_periph/xbar/inst/gen_sasd.crossbar_sasd_0/reg_slice_r/s_axi_rvalid[0]                                                                                                          | FFTAudio_Block_i/microblaze_0/U0/MicroBlaze_Core_I/sync_reset                                                                                        |               10 |             32 |         3.20 |
|  FFTAudio_Block_i/clk_wiz_1/inst/clk_out1                        | FFTAudio_Block_i/microblaze_0_axi_periph/xbar/inst/gen_sasd.crossbar_sasd_0/addr_arbiter_inst/E[0]                                                                                                               |                                                                                                                                                      |                8 |             33 |         4.12 |
|  FFTAudio_Block_i/clk_wiz_1/inst/clk_out1                        | FFTAudio_Block_i/microblaze_0/U0/MicroBlaze_Core_I/Performance.Core/Decode_I/mem_wait_on_ready_N_carry_or/MUXCY_I/lopt_1                                                                                         |                                                                                                                                                      |                7 |             34 |         4.86 |
|  FFTAudio_Block_i/clk_wiz_1/inst/clk_out1                        |                                                                                                                                                                                                                  | FFTAudio_Block_i/axi_iic_0/U0/X_IIC/REG_INTERFACE_I/cr_i_reg[7]_0                                                                                    |               17 |             41 |         2.41 |
|  FFTAudio_Block_i/clk_wiz_1/inst/clk_out1                        |                                                                                                                                                                                                                  | FFTAudio_Block_i/axi_iic_0/U0/X_IIC/X_AXI_IPIF_SSP1/X_SOFT_RESET/Bus2IIC_Reset                                                                       |               12 |             42 |         3.50 |
|  FFTAudio_Block_i/clk_wiz_1/inst/clk_out1                        |                                                                                                                                                                                                                  | FFTAudio_Block_i/axi_gpio_2/U0/AXI_LITE_IPIF_I/I_SLAVE_ATTACHMENT/SR[0]                                                                              |               14 |             43 |         3.07 |
|  FFTAudio_Block_i/mdm_1/U0/No_Dbg_Reg_Access.BUFG_DRCK/Dbg_Clk_0 | FFTAudio_Block_i/mdm_1/U0/Use_E2.BSCAN_I/Use_BSCAN.PORT_Selector_reg[0]                                                                                                                                          |                                                                                                                                                      |               12 |             47 |         3.92 |
|  FFTAudio_Block_i/clk_wiz_1/inst/clk_out1                        |                                                                                                                                                                                                                  | FFTAudio_Block_i/axi_gpio_0/U0/AXI_LITE_IPIF_I/I_SLAVE_ATTACHMENT/SR[0]                                                                              |               15 |             51 |         3.40 |
|  FFTAudio_Block_i/clk_wiz_1/inst/clk_out1                        | FFTAudio_Block_i/microblaze_0_axi_intc/U0/AXI_LITE_IPIF_I/I_SLAVE_ATTACHMENT/I_DECODER/bus2ip_wrce[0]                                                                                                            |                                                                                                                                                      |                8 |             64 |         8.00 |
|  FFTAudio_Block_i/clk_wiz_1/inst/clk_out1                        | FFTAudio_Block_i/microblaze_0/U0/MicroBlaze_Core_I/Performance.Core/Decode_I/PreFetch_Buffer_I1/Instruction_Prefetch_Mux[42].Instr_Mux_MUXF7/IReady_0                                                            |                                                                                                                                                      |               10 |             75 |         7.50 |
|  FFTAudio_Block_i/mdm_1/U0/No_Dbg_Reg_Access.BUFG_DRCK/Dbg_Clk_0 |                                                                                                                                                                                                                  |                                                                                                                                                      |               28 |             80 |         2.86 |
|  FFTAudio_Block_i/clk_wiz_1/inst/clk_out1                        | FFTAudio_Block_i/microblaze_0/U0/MicroBlaze_Core_I/Performance.Core/Decode_I/Use_MuxCy[3].OF_Piperun_Stage/MUXCY_I/Using_FPGA.Native_0                                                                           | FFTAudio_Block_i/microblaze_0/U0/MicroBlaze_Core_I/sync_reset                                                                                        |               37 |             85 |         2.30 |
|  FFTAudio_Block_i/clk_wiz_1/inst/clk_out1                        |                                                                                                                                                                                                                  | FFTAudio_Block_i/xadc_wiz_0/inst/AXI_LITE_IPIF_I/I_SLAVE_ATTACHMENT/reset2ip_reset                                                                   |               21 |            114 |         5.43 |
|  FFTAudio_Block_i/clk_wiz_1/inst/clk_out1                        | FFTAudio_Block_i/microblaze_0/U0/MicroBlaze_Core_I/Performance.Core/Decode_I/WB_GPR_Wr                                                                                                                           |                                                                                                                                                      |               16 |            128 |         8.00 |
|  FFTAudio_Block_i/clk_wiz_1/inst/clk_out1                        |                                                                                                                                                                                                                  | FFTAudio_Block_i/microblaze_0/U0/MicroBlaze_Core_I/sync_reset                                                                                        |               67 |            157 |         2.34 |
|  FFTAudio_Block_i/clk_wiz_1/inst/clk_out1                        | FFTAudio_Block_i/microblaze_0/U0/MicroBlaze_Core_I/Performance.Core/Decode_I/Use_MuxCy[11].OF_Piperun_Stage/MUXCY_I/Using_FPGA.Native_0                                                                          | FFTAudio_Block_i/microblaze_0/U0/MicroBlaze_Core_I/sync_reset                                                                                        |               85 |            221 |         2.60 |
|  FFTAudio_Block_i/clk_wiz_1/inst/clk_out1                        |                                                                                                                                                                                                                  |                                                                                                                                                      |               98 |            346 |         3.53 |
+------------------------------------------------------------------+------------------------------------------------------------------------------------------------------------------------------------------------------------------------------------------------------------------+------------------------------------------------------------------------------------------------------------------------------------------------------+------------------+----------------+--------------+


