Copyright 1986-2021 Xilinx, Inc. All Rights Reserved.
---------------------------------------------------------------------------------------------------------------------------------------------------------
| Tool Version : Vivado v.2020.2.2 (win64) Build 3118627 Tue Feb  9 05:14:06 MST 2021
| Date         : Wed Jun  9 15:12:53 2021
| Host         : HORIZON running 64-bit major release  (build 9200)
| Command      : report_drc -file FFTAudio_Block_wrapper_drc_opted.rpt -pb FFTAudio_Block_wrapper_drc_opted.pb -rpx FFTAudio_Block_wrapper_drc_opted.rpx
| Design       : FFTAudio_Block_wrapper
| Device       : xc7s50csga324-1
| Speed File   : -1
| Design State : Synthesized
---------------------------------------------------------------------------------------------------------------------------------------------------------

Report DRC

Table of Contents
-----------------
1. REPORT SUMMARY
2. REPORT DETAILS

1. REPORT SUMMARY
-----------------
            Netlist: netlist
          Floorplan: design_1
      Design limits: <entire design considered>
           Ruledeck: default
             Max violations: <unlimited>
             Violations found: 0
+------+----------+-------------+------------+
| Rule | Severity | Description | Violations |
+------+----------+-------------+------------+
+------+----------+-------------+------------+

2. REPORT DETAILS
-----------------

