11:41:14 INFO  : Launching XSCT server: xsct.bat -n  -interactive R:\Users\Mitchell\Documents\Vitis\workspace\temp_xsdb_launch_script.tcl
11:41:15 INFO  : Registering command handlers for Vitis TCF services
11:41:17 INFO  : XSCT server has started successfully.
11:41:18 INFO  : Platform repository initialization has completed.
11:41:21 INFO  : plnx-install-location is set to ''
11:41:21 INFO  : Successfully done setting XSCT server connection channel  
11:41:21 INFO  : Successfully done query RDI_DATADIR 
11:41:21 INFO  : Successfully done setting workspace for the tool. 
11:43:43 INFO  : Result from executing command 'getProjects': FFTAudio
11:43:43 INFO  : Result from executing command 'getPlatforms': 
11:45:37 INFO  : Launching XSCT server: xsct.bat -n  -interactive R:\Users\Mitchell\Documents\Vitis\workspace\temp_xsdb_launch_script.tcl
11:45:39 INFO  : XSCT server has started successfully.
11:45:39 INFO  : Successfully done setting XSCT server connection channel  
11:45:39 INFO  : plnx-install-location is set to ''
11:45:39 INFO  : Successfully done setting workspace for the tool. 
11:45:40 INFO  : Successfully done query RDI_DATADIR 
11:45:40 INFO  : Registering command handlers for Vitis TCF services
11:45:42 ERROR : Error encountered while initializing user repository paths
Reason: No Platforms Found.


11:45:42 INFO  : Platform repository initialization has completed.
11:45:44 ERROR : An unexpected exception occurred in the module 'reading platform'
11:45:44 WARN  : An unexpected exception occurred in the module 'platform project logging'
11:47:00 INFO  : Result from executing command 'getProjects': FFTAudio_Block_HWExport
11:47:00 INFO  : Result from executing command 'getPlatforms': 
11:47:00 WARN  : An unexpected exception occurred in the module 'platform project logging'
11:47:00 INFO  : Platform 'FFTAudio_Block_HWExport' is added to custom repositories.
11:47:02 INFO  : Platform 'FFTAudio_Block_HWExport' is added to custom repositories.
11:48:07 INFO  : Connected to target on host '127.0.0.1' and port '3121'.
11:48:25 INFO  : Connected to target on host '127.0.0.1' and port '3121'.
11:49:53 INFO  : Launching XSCT server: xsct.bat -n  -interactive R:\Users\Mitchell\Documents\Vitis\workspace\temp_xsdb_launch_script.tcl
11:49:55 INFO  : XSCT server has started successfully.
11:49:55 INFO  : Successfully done setting XSCT server connection channel  
11:49:55 INFO  : plnx-install-location is set to ''
11:49:55 INFO  : Successfully done setting workspace for the tool. 
11:49:57 INFO  : Platform repository initialization has completed.
11:49:58 INFO  : Successfully done query RDI_DATADIR 
11:49:58 INFO  : Registering command handlers for Vitis TCF services
11:50:16 INFO  : Connected to target on host '127.0.0.1' and port '3121'.
11:51:02 INFO  : Connected to target on host '127.0.0.1' and port '3121'.
11:51:31 INFO  : Bit file 'R:/Users/Mitchell/Documents/Vitis/workspace/FFTAudio/_ide/bitstream/download.bit' is generated.
11:51:31 INFO  : Connected to target on host '127.0.0.1' and port '3121'.
11:51:31 INFO  : 'targets -set -filter {jtag_cable_name =~ "Digilent Arty S7 - 50 210352B0BF73A" && level==0 && jtag_device_ctx=="jsn-Arty S7 - 50-210352B0BF73A-0362f093-0"}' command is executed.
11:51:32 INFO  : Device configured successfully with "R:/Users/Mitchell/Documents/Vitis/workspace/FFTAudio/_ide/bitstream/download.bit"
11:57:27 INFO  : Connected to target on host '127.0.0.1' and port '3121'.
11:57:27 INFO  : Jtag cable 'Digilent Arty S7 - 50 210352B0BF73A' is selected.
11:57:27 INFO  : 'jtag frequency' command is executed.
11:57:28 INFO  : 'targets -set -filter {jtag_cable_name =~ "Digilent Arty S7 - 50 210352B0BF73A" && level==0 && jtag_device_ctx=="jsn-Arty S7 - 50-210352B0BF73A-0362f093-0"}' command is executed.
11:57:29 INFO  : Device configured successfully with "R:/Users/Mitchell/Documents/Vitis/workspace/FFTAudio/_ide/bitstream/download.bit"
11:57:29 INFO  : Context for processor 'microblaze_0' is selected.
11:57:29 INFO  : Hardware design and registers information is loaded from 'R:/Users/Mitchell/Documents/Vitis/workspace/FFTAudio_Block_HWExport/export/FFTAudio_Block_HWExport/hw/FFTAudio_Block_HWExport.xsa'.
11:57:29 INFO  : 'configparams mdm-detect-bscan-mask 2' command is executed.
11:57:29 INFO  : Context for processor 'microblaze_0' is selected.
11:57:29 INFO  : System reset is completed.
11:57:32 INFO  : 'after 3000' command is executed.
11:57:32 INFO  : ----------------XSDB Script----------------
connect -url tcp:127.0.0.1:3121
targets -set -filter {jtag_cable_name =~ "Digilent Arty S7 - 50 210352B0BF73A" && level==0 && jtag_device_ctx=="jsn-Arty S7 - 50-210352B0BF73A-0362f093-0"}
fpga -file R:/Users/Mitchell/Documents/Vitis/workspace/FFTAudio/_ide/bitstream/download.bit
targets -set -nocase -filter {name =~ "*microblaze*#0" && bscan=="USER2" }
loadhw -hw R:/Users/Mitchell/Documents/Vitis/workspace/FFTAudio_Block_HWExport/export/FFTAudio_Block_HWExport/hw/FFTAudio_Block_HWExport.xsa -regs
configparams mdm-detect-bscan-mask 2
targets -set -nocase -filter {name =~ "*microblaze*#0" && bscan=="USER2" }
rst -system
after 3000
----------------End of Script----------------

11:57:32 INFO  : Launch script is exported to file 'R:\Users\Mitchell\Documents\Vitis\workspace\FFTAudio_system\_ide\scripts\systemdebugger_fftaudio_system_standalone.tcl'
11:57:52 INFO  : Disconnected from the channel tcfchan#1.
11:58:08 INFO  : Connected to target on host '127.0.0.1' and port '3121'.
11:58:10 INFO  : Jtag cable 'Digilent Arty S7 - 50 210352B0BF73A' is selected.
11:58:10 INFO  : 'jtag frequency' command is executed.
11:58:12 INFO  : 'targets -set -filter {jtag_cable_name =~ "Digilent Arty S7 - 50 210352B0BF73A" && level==0 && jtag_device_ctx=="jsn-Arty S7 - 50-210352B0BF73A-0362f093-0"}' command is executed.
11:58:13 INFO  : Device configured successfully with "R:/Users/Mitchell/Documents/Vitis/workspace/FFTAudio/_ide/bitstream/download.bit"
11:58:15 INFO  : Context for processor 'microblaze_0' is selected.
11:58:15 INFO  : Hardware design and registers information is loaded from 'R:/Users/Mitchell/Documents/Vitis/workspace/FFTAudio_Block_HWExport/export/FFTAudio_Block_HWExport/hw/FFTAudio_Block_HWExport.xsa'.
11:58:15 INFO  : 'configparams mdm-detect-bscan-mask 2' command is executed.
11:58:16 INFO  : Context for processor 'microblaze_0' is selected.
11:58:16 INFO  : System reset is completed.
11:58:19 INFO  : 'after 3000' command is executed.
11:58:19 INFO  : ----------------XSDB Script----------------
connect -url tcp:127.0.0.1:3121
targets -set -filter {jtag_cable_name =~ "Digilent Arty S7 - 50 210352B0BF73A" && level==0 && jtag_device_ctx=="jsn-Arty S7 - 50-210352B0BF73A-0362f093-0"}
fpga -file R:/Users/Mitchell/Documents/Vitis/workspace/FFTAudio/_ide/bitstream/download.bit
targets -set -nocase -filter {name =~ "*microblaze*#0" && bscan=="USER2" }
loadhw -hw R:/Users/Mitchell/Documents/Vitis/workspace/FFTAudio_Block_HWExport/export/FFTAudio_Block_HWExport/hw/FFTAudio_Block_HWExport.xsa -regs
configparams mdm-detect-bscan-mask 2
targets -set -nocase -filter {name =~ "*microblaze*#0" && bscan=="USER2" }
rst -system
after 3000
----------------End of Script----------------

11:58:20 INFO  : Launch script is exported to file 'R:\Users\Mitchell\Documents\Vitis\workspace\FFTAudio_system\_ide\scripts\systemdebugger_fftaudio_system_standalone.tcl'
11:59:44 INFO  : Connected to target on host '127.0.0.1' and port '3121'.
12:00:33 INFO  : Connected to target on host '127.0.0.1' and port '3121'.
12:02:15 INFO  : Disconnected from the channel tcfchan#2.
12:02:42 INFO  : Launching XSCT server: xsct.bat -n  -interactive R:\Users\Mitchell\Documents\Vitis\workspace\temp_xsdb_launch_script.tcl
12:02:44 INFO  : XSCT server has started successfully.
12:02:44 INFO  : Successfully done setting XSCT server connection channel  
12:02:44 INFO  : plnx-install-location is set to ''
12:02:44 INFO  : Successfully done setting workspace for the tool. 
12:02:47 INFO  : Platform repository initialization has completed.
12:02:47 INFO  : Registering command handlers for Vitis TCF services
12:02:47 INFO  : Successfully done query RDI_DATADIR 
12:03:01 WARN  : An unexpected exception occurred in the module 'platform project logging'
12:04:12 INFO  : Result from executing command 'getProjects': FFTAudio_Block_HWExport
12:04:12 INFO  : Result from executing command 'getPlatforms': 
12:04:12 WARN  : An unexpected exception occurred in the module 'platform project logging'
12:04:12 INFO  : Platform 'FFTAudio_Block_HWExport' is added to custom repositories.
12:04:14 INFO  : Platform 'FFTAudio_Block_HWExport' is added to custom repositories.
12:05:45 INFO  : Bit file 'R:/Users/Mitchell/Documents/Vitis/workspace/FFTAudio/_ide/bitstream/download.bit' is generated.
12:05:48 INFO  : Connected to target on host '127.0.0.1' and port '3121'.
12:05:51 INFO  : 'targets -set -filter {jtag_cable_name =~ "Digilent Arty S7 - 50 210352B0BF73A" && level==0 && jtag_device_ctx=="jsn-Arty S7 - 50-210352B0BF73A-0362f093-0"}' command is executed.
12:05:53 INFO  : Device configured successfully with "R:/Users/Mitchell/Documents/Vitis/workspace/FFTAudio/_ide/bitstream/download.bit"
12:10:33 INFO  : Result from executing command 'getProjects': FFTAudio_Block_HWExport
12:10:33 INFO  : Result from executing command 'getPlatforms': FFTAudio_Block_HWExport|R:/Users/Mitchell/Documents/Vitis/workspace/FFTAudio_Block_HWExport/export/FFTAudio_Block_HWExport/FFTAudio_Block_HWExport.xpfm
12:10:33 INFO  : Checking for BSP changes to sync application flags for project 'FFTAudio'...
12:10:42 INFO  : Connected to target on host '127.0.0.1' and port '3121'.
12:10:42 INFO  : Jtag cable 'Digilent Arty S7 - 50 210352B0BF73A' is selected.
12:10:42 INFO  : 'jtag frequency' command is executed.
12:10:42 INFO  : 'targets -set -filter {jtag_cable_name =~ "Digilent Arty S7 - 50 210352B0BF73A" && level==0 && jtag_device_ctx=="jsn-Arty S7 - 50-210352B0BF73A-0362f093-0"}' command is executed.
12:10:43 INFO  : Device configured successfully with "R:/Users/Mitchell/Documents/Vitis/workspace/FFTAudio/_ide/bitstream/download.bit"
12:10:43 INFO  : Context for processor 'microblaze_0' is selected.
12:10:43 INFO  : Hardware design and registers information is loaded from 'R:/Users/Mitchell/Documents/Vitis/workspace/FFTAudio_Block_HWExport/export/FFTAudio_Block_HWExport/hw/FFTAudio_Block_HWExport.xsa'.
12:10:43 INFO  : 'configparams mdm-detect-bscan-mask 2' command is executed.
12:10:43 INFO  : Context for processor 'microblaze_0' is selected.
12:10:43 INFO  : System reset is completed.
12:10:46 INFO  : 'after 3000' command is executed.
12:10:46 INFO  : Context for processor 'microblaze_0' is selected.
12:10:46 INFO  : The application 'R:/Users/Mitchell/Documents/Vitis/workspace/FFTAudio/Debug/FFTAudio.elf' is downloaded to processor 'microblaze_0'.
12:10:46 INFO  : ----------------XSDB Script----------------
connect -url tcp:127.0.0.1:3121
targets -set -filter {jtag_cable_name =~ "Digilent Arty S7 - 50 210352B0BF73A" && level==0 && jtag_device_ctx=="jsn-Arty S7 - 50-210352B0BF73A-0362f093-0"}
fpga -file R:/Users/Mitchell/Documents/Vitis/workspace/FFTAudio/_ide/bitstream/download.bit
targets -set -nocase -filter {name =~ "*microblaze*#0" && bscan=="USER2" }
loadhw -hw R:/Users/Mitchell/Documents/Vitis/workspace/FFTAudio_Block_HWExport/export/FFTAudio_Block_HWExport/hw/FFTAudio_Block_HWExport.xsa -regs
configparams mdm-detect-bscan-mask 2
targets -set -nocase -filter {name =~ "*microblaze*#0" && bscan=="USER2" }
rst -system
after 3000
targets -set -nocase -filter {name =~ "*microblaze*#0" && bscan=="USER2" }
dow R:/Users/Mitchell/Documents/Vitis/workspace/FFTAudio/Debug/FFTAudio.elf
----------------End of Script----------------

12:11:28 INFO  : Disconnected from the channel tcfchan#1.
12:12:13 INFO  : Connected to target on host '127.0.0.1' and port '3121'.
12:12:15 INFO  : Jtag cable 'Digilent Arty S7 - 50 210352B0BF73A' is selected.
12:12:15 INFO  : 'jtag frequency' command is executed.
12:12:17 INFO  : 'targets -set -filter {jtag_cable_name =~ "Digilent Arty S7 - 50 210352B0BF73A" && level==0 && jtag_device_ctx=="jsn-Arty S7 - 50-210352B0BF73A-0362f093-0"}' command is executed.
12:12:18 INFO  : Device configured successfully with "R:/Users/Mitchell/Documents/Vitis/workspace/FFTAudio/_ide/bitstream/download.bit"
12:12:20 INFO  : Context for processor 'microblaze_0' is selected.
12:12:20 INFO  : Hardware design and registers information is loaded from 'R:/Users/Mitchell/Documents/Vitis/workspace/FFTAudio_Block_HWExport/export/FFTAudio_Block_HWExport/hw/FFTAudio_Block_HWExport.xsa'.
12:12:20 INFO  : 'configparams mdm-detect-bscan-mask 2' command is executed.
12:12:21 INFO  : Context for processor 'microblaze_0' is selected.
12:12:21 INFO  : System reset is completed.
12:12:24 INFO  : 'after 3000' command is executed.
12:12:26 INFO  : Context for processor 'microblaze_0' is selected.
12:12:26 INFO  : The application 'R:/Users/Mitchell/Documents/Vitis/workspace/FFTAudio/Debug/FFTAudio.elf' is downloaded to processor 'microblaze_0'.
12:12:26 INFO  : ----------------XSDB Script----------------
connect -url tcp:127.0.0.1:3121
targets -set -filter {jtag_cable_name =~ "Digilent Arty S7 - 50 210352B0BF73A" && level==0 && jtag_device_ctx=="jsn-Arty S7 - 50-210352B0BF73A-0362f093-0"}
fpga -file R:/Users/Mitchell/Documents/Vitis/workspace/FFTAudio/_ide/bitstream/download.bit
targets -set -nocase -filter {name =~ "*microblaze*#0" && bscan=="USER2" }
loadhw -hw R:/Users/Mitchell/Documents/Vitis/workspace/FFTAudio_Block_HWExport/export/FFTAudio_Block_HWExport/hw/FFTAudio_Block_HWExport.xsa -regs
configparams mdm-detect-bscan-mask 2
targets -set -nocase -filter {name =~ "*microblaze*#0" && bscan=="USER2" }
rst -system
after 3000
targets -set -nocase -filter {name =~ "*microblaze*#0" && bscan=="USER2" }
dow R:/Users/Mitchell/Documents/Vitis/workspace/FFTAudio/Debug/FFTAudio.elf
----------------End of Script----------------

12:13:22 INFO  : Disconnected from the channel tcfchan#3.
12:13:23 INFO  : Connected to target on host '127.0.0.1' and port '3121'.
12:13:24 INFO  : Jtag cable 'Digilent Arty S7 - 50 210352B0BF73A' is selected.
12:13:24 INFO  : 'jtag frequency' command is executed.
12:13:24 INFO  : 'targets -set -filter {jtag_cable_name =~ "Digilent Arty S7 - 50 210352B0BF73A" && level==0 && jtag_device_ctx=="jsn-Arty S7 - 50-210352B0BF73A-0362f093-0"}' command is executed.
12:13:25 INFO  : Device configured successfully with "R:/Users/Mitchell/Documents/Vitis/workspace/FFTAudio/_ide/bitstream/download.bit"
12:13:25 INFO  : Context for processor 'microblaze_0' is selected.
12:13:25 INFO  : Hardware design and registers information is loaded from 'R:/Users/Mitchell/Documents/Vitis/workspace/FFTAudio_Block_HWExport/export/FFTAudio_Block_HWExport/hw/FFTAudio_Block_HWExport.xsa'.
12:13:25 INFO  : 'configparams mdm-detect-bscan-mask 2' command is executed.
12:13:25 INFO  : Context for processor 'microblaze_0' is selected.
12:13:25 INFO  : System reset is completed.
12:13:28 INFO  : 'after 3000' command is executed.
12:13:28 INFO  : Context for processor 'microblaze_0' is selected.
12:13:28 INFO  : The application 'R:/Users/Mitchell/Documents/Vitis/workspace/FFTAudio/Debug/FFTAudio.elf' is downloaded to processor 'microblaze_0'.
12:13:28 INFO  : ----------------XSDB Script----------------
connect -url tcp:127.0.0.1:3121
targets -set -filter {jtag_cable_name =~ "Digilent Arty S7 - 50 210352B0BF73A" && level==0 && jtag_device_ctx=="jsn-Arty S7 - 50-210352B0BF73A-0362f093-0"}
fpga -file R:/Users/Mitchell/Documents/Vitis/workspace/FFTAudio/_ide/bitstream/download.bit
targets -set -nocase -filter {name =~ "*microblaze*#0" && bscan=="USER2" }
loadhw -hw R:/Users/Mitchell/Documents/Vitis/workspace/FFTAudio_Block_HWExport/export/FFTAudio_Block_HWExport/hw/FFTAudio_Block_HWExport.xsa -regs
configparams mdm-detect-bscan-mask 2
targets -set -nocase -filter {name =~ "*microblaze*#0" && bscan=="USER2" }
rst -system
after 3000
targets -set -nocase -filter {name =~ "*microblaze*#0" && bscan=="USER2" }
dow R:/Users/Mitchell/Documents/Vitis/workspace/FFTAudio/Debug/FFTAudio.elf
----------------End of Script----------------

12:13:28 INFO  : Context for processor 'microblaze_0' is selected.
12:13:28 INFO  : 'con' command is executed.
12:13:28 INFO  : ----------------XSDB Script (After Launch)----------------
targets -set -nocase -filter {name =~ "*microblaze*#0" && bscan=="USER2" }
con
----------------End of Script----------------

12:13:28 INFO  : Disconnected from the channel tcfchan#4.
12:13:34 INFO  : Connected to target on host '127.0.0.1' and port '3121'.
12:13:34 INFO  : Jtag cable 'Digilent Arty S7 - 50 210352B0BF73A' is selected.
12:13:34 INFO  : 'jtag frequency' command is executed.
12:13:34 INFO  : 'targets -set -filter {jtag_cable_name =~ "Digilent Arty S7 - 50 210352B0BF73A" && level==0 && jtag_device_ctx=="jsn-Arty S7 - 50-210352B0BF73A-0362f093-0"}' command is executed.
12:13:35 INFO  : Device configured successfully with "R:/Users/Mitchell/Documents/Vitis/workspace/FFTAudio/_ide/bitstream/download.bit"
12:13:35 INFO  : Context for processor 'microblaze_0' is selected.
12:13:36 INFO  : Hardware design and registers information is loaded from 'R:/Users/Mitchell/Documents/Vitis/workspace/FFTAudio_Block_HWExport/export/FFTAudio_Block_HWExport/hw/FFTAudio_Block_HWExport.xsa'.
12:13:36 INFO  : 'configparams mdm-detect-bscan-mask 2' command is executed.
12:13:36 INFO  : Context for processor 'microblaze_0' is selected.
12:13:36 INFO  : System reset is completed.
12:13:39 INFO  : 'after 3000' command is executed.
12:13:39 INFO  : Context for processor 'microblaze_0' is selected.
12:13:39 INFO  : The application 'R:/Users/Mitchell/Documents/Vitis/workspace/FFTAudio/Debug/FFTAudio.elf' is downloaded to processor 'microblaze_0'.
12:13:39 INFO  : ----------------XSDB Script----------------
connect -url tcp:127.0.0.1:3121
targets -set -filter {jtag_cable_name =~ "Digilent Arty S7 - 50 210352B0BF73A" && level==0 && jtag_device_ctx=="jsn-Arty S7 - 50-210352B0BF73A-0362f093-0"}
fpga -file R:/Users/Mitchell/Documents/Vitis/workspace/FFTAudio/_ide/bitstream/download.bit
targets -set -nocase -filter {name =~ "*microblaze*#0" && bscan=="USER2" }
loadhw -hw R:/Users/Mitchell/Documents/Vitis/workspace/FFTAudio_Block_HWExport/export/FFTAudio_Block_HWExport/hw/FFTAudio_Block_HWExport.xsa -regs
configparams mdm-detect-bscan-mask 2
targets -set -nocase -filter {name =~ "*microblaze*#0" && bscan=="USER2" }
rst -system
after 3000
targets -set -nocase -filter {name =~ "*microblaze*#0" && bscan=="USER2" }
dow R:/Users/Mitchell/Documents/Vitis/workspace/FFTAudio/Debug/FFTAudio.elf
----------------End of Script----------------

14:51:03 INFO  : Checking for BSP changes to sync application flags for project 'FFTAudio'...
14:51:20 INFO  : Disconnected from the channel tcfchan#5.
14:51:21 INFO  : Connected to target on host '127.0.0.1' and port '3121'.
14:51:21 INFO  : Jtag cable 'Digilent Arty S7 - 50 210352B0BF73A' is selected.
14:51:21 INFO  : 'jtag frequency' command is executed.
14:51:21 INFO  : 'targets -set -filter {jtag_cable_name =~ "Digilent Arty S7 - 50 210352B0BF73A" && level==0 && jtag_device_ctx=="jsn-Arty S7 - 50-210352B0BF73A-0362f093-0"}' command is executed.
14:51:23 INFO  : Device configured successfully with "R:/Users/Mitchell/Documents/Vitis/workspace/FFTAudio/_ide/bitstream/download.bit"
14:51:23 INFO  : Context for processor 'microblaze_0' is selected.
14:51:23 INFO  : Hardware design and registers information is loaded from 'R:/Users/Mitchell/Documents/Vitis/workspace/FFTAudio_Block_HWExport/export/FFTAudio_Block_HWExport/hw/FFTAudio_Block_HWExport.xsa'.
14:51:23 INFO  : 'configparams mdm-detect-bscan-mask 2' command is executed.
14:51:23 INFO  : Context for processor 'microblaze_0' is selected.
14:51:23 INFO  : System reset is completed.
14:51:26 INFO  : 'after 3000' command is executed.
14:51:26 INFO  : Context for processor 'microblaze_0' is selected.
14:51:26 INFO  : The application 'R:/Users/Mitchell/Documents/Vitis/workspace/FFTAudio/Debug/FFTAudio.elf' is downloaded to processor 'microblaze_0'.
14:51:26 INFO  : ----------------XSDB Script----------------
connect -url tcp:127.0.0.1:3121
targets -set -filter {jtag_cable_name =~ "Digilent Arty S7 - 50 210352B0BF73A" && level==0 && jtag_device_ctx=="jsn-Arty S7 - 50-210352B0BF73A-0362f093-0"}
fpga -file R:/Users/Mitchell/Documents/Vitis/workspace/FFTAudio/_ide/bitstream/download.bit
targets -set -nocase -filter {name =~ "*microblaze*#0" && bscan=="USER2" }
loadhw -hw R:/Users/Mitchell/Documents/Vitis/workspace/FFTAudio_Block_HWExport/export/FFTAudio_Block_HWExport/hw/FFTAudio_Block_HWExport.xsa -regs
configparams mdm-detect-bscan-mask 2
targets -set -nocase -filter {name =~ "*microblaze*#0" && bscan=="USER2" }
rst -system
after 3000
targets -set -nocase -filter {name =~ "*microblaze*#0" && bscan=="USER2" }
dow R:/Users/Mitchell/Documents/Vitis/workspace/FFTAudio/Debug/FFTAudio.elf
----------------End of Script----------------

14:52:11 INFO  : Disconnected from the channel tcfchan#6.
14:52:22 INFO  : Connected to target on host '127.0.0.1' and port '3121'.
14:52:22 INFO  : Jtag cable 'Digilent Arty S7 - 50 210352B0BF73A' is selected.
14:52:22 INFO  : 'jtag frequency' command is executed.
14:52:23 INFO  : 'targets -set -filter {jtag_cable_name =~ "Digilent Arty S7 - 50 210352B0BF73A" && level==0 && jtag_device_ctx=="jsn-Arty S7 - 50-210352B0BF73A-0362f093-0"}' command is executed.
14:52:24 INFO  : Device configured successfully with "R:/Users/Mitchell/Documents/Vitis/workspace/FFTAudio/_ide/bitstream/download.bit"
14:52:24 INFO  : Context for processor 'microblaze_0' is selected.
14:52:24 INFO  : Hardware design and registers information is loaded from 'R:/Users/Mitchell/Documents/Vitis/workspace/FFTAudio_Block_HWExport/export/FFTAudio_Block_HWExport/hw/FFTAudio_Block_HWExport.xsa'.
14:52:24 INFO  : 'configparams mdm-detect-bscan-mask 2' command is executed.
14:52:24 INFO  : Context for processor 'microblaze_0' is selected.
14:52:24 INFO  : System reset is completed.
14:52:27 INFO  : 'after 3000' command is executed.
14:52:27 INFO  : Context for processor 'microblaze_0' is selected.
14:52:27 INFO  : The application 'R:/Users/Mitchell/Documents/Vitis/workspace/FFTAudio/Debug/FFTAudio.elf' is downloaded to processor 'microblaze_0'.
14:52:27 INFO  : ----------------XSDB Script----------------
connect -url tcp:127.0.0.1:3121
targets -set -filter {jtag_cable_name =~ "Digilent Arty S7 - 50 210352B0BF73A" && level==0 && jtag_device_ctx=="jsn-Arty S7 - 50-210352B0BF73A-0362f093-0"}
fpga -file R:/Users/Mitchell/Documents/Vitis/workspace/FFTAudio/_ide/bitstream/download.bit
targets -set -nocase -filter {name =~ "*microblaze*#0" && bscan=="USER2" }
loadhw -hw R:/Users/Mitchell/Documents/Vitis/workspace/FFTAudio_Block_HWExport/export/FFTAudio_Block_HWExport/hw/FFTAudio_Block_HWExport.xsa -regs
configparams mdm-detect-bscan-mask 2
targets -set -nocase -filter {name =~ "*microblaze*#0" && bscan=="USER2" }
rst -system
after 3000
targets -set -nocase -filter {name =~ "*microblaze*#0" && bscan=="USER2" }
dow R:/Users/Mitchell/Documents/Vitis/workspace/FFTAudio/Debug/FFTAudio.elf
----------------End of Script----------------

14:53:26 INFO  : Disconnected from the channel tcfchan#7.
14:56:08 INFO  : Connected to target on host '127.0.0.1' and port '3121'.
14:56:08 INFO  : Jtag cable 'Digilent Arty S7 - 50 210352B0BF73A' is selected.
14:56:08 INFO  : 'jtag frequency' command is executed.
14:56:08 INFO  : 'targets -set -filter {jtag_cable_name =~ "Digilent Arty S7 - 50 210352B0BF73A" && level==0 && jtag_device_ctx=="jsn-Arty S7 - 50-210352B0BF73A-0362f093-0"}' command is executed.
14:56:09 INFO  : Device configured successfully with "R:/Users/Mitchell/Documents/Vitis/workspace/FFTAudio/_ide/bitstream/download.bit"
14:56:10 INFO  : Context for processor 'microblaze_0' is selected.
14:56:10 INFO  : Hardware design and registers information is loaded from 'R:/Users/Mitchell/Documents/Vitis/workspace/FFTAudio_Block_HWExport/export/FFTAudio_Block_HWExport/hw/FFTAudio_Block_HWExport.xsa'.
14:56:10 INFO  : 'configparams mdm-detect-bscan-mask 2' command is executed.
14:56:10 INFO  : Context for processor 'microblaze_0' is selected.
14:56:10 INFO  : System reset is completed.
14:56:13 INFO  : 'after 3000' command is executed.
14:56:13 INFO  : Context for processor 'microblaze_0' is selected.
14:56:13 INFO  : The application 'R:/Users/Mitchell/Documents/Vitis/workspace/FFTAudio/Debug/FFTAudio.elf' is downloaded to processor 'microblaze_0'.
14:56:13 INFO  : ----------------XSDB Script----------------
connect -url tcp:127.0.0.1:3121
targets -set -filter {jtag_cable_name =~ "Digilent Arty S7 - 50 210352B0BF73A" && level==0 && jtag_device_ctx=="jsn-Arty S7 - 50-210352B0BF73A-0362f093-0"}
fpga -file R:/Users/Mitchell/Documents/Vitis/workspace/FFTAudio/_ide/bitstream/download.bit
targets -set -nocase -filter {name =~ "*microblaze*#0" && bscan=="USER2" }
loadhw -hw R:/Users/Mitchell/Documents/Vitis/workspace/FFTAudio_Block_HWExport/export/FFTAudio_Block_HWExport/hw/FFTAudio_Block_HWExport.xsa -regs
configparams mdm-detect-bscan-mask 2
targets -set -nocase -filter {name =~ "*microblaze*#0" && bscan=="USER2" }
rst -system
after 3000
targets -set -nocase -filter {name =~ "*microblaze*#0" && bscan=="USER2" }
dow R:/Users/Mitchell/Documents/Vitis/workspace/FFTAudio/Debug/FFTAudio.elf
----------------End of Script----------------

14:57:11 INFO  : Disconnected from the channel tcfchan#8.
14:57:11 INFO  : Connected to target on host '127.0.0.1' and port '3121'.
14:57:12 INFO  : Jtag cable 'Digilent Arty S7 - 50 210352B0BF73A' is selected.
14:57:12 INFO  : 'jtag frequency' command is executed.
14:57:12 INFO  : 'targets -set -filter {jtag_cable_name =~ "Digilent Arty S7 - 50 210352B0BF73A" && level==0 && jtag_device_ctx=="jsn-Arty S7 - 50-210352B0BF73A-0362f093-0"}' command is executed.
14:57:13 INFO  : Device configured successfully with "R:/Users/Mitchell/Documents/Vitis/workspace/FFTAudio/_ide/bitstream/download.bit"
14:57:13 INFO  : Context for processor 'microblaze_0' is selected.
14:57:13 INFO  : Hardware design and registers information is loaded from 'R:/Users/Mitchell/Documents/Vitis/workspace/FFTAudio_Block_HWExport/export/FFTAudio_Block_HWExport/hw/FFTAudio_Block_HWExport.xsa'.
14:57:13 INFO  : 'configparams mdm-detect-bscan-mask 2' command is executed.
14:57:13 INFO  : Context for processor 'microblaze_0' is selected.
14:57:13 INFO  : System reset is completed.
14:57:16 INFO  : 'after 3000' command is executed.
14:57:16 INFO  : Context for processor 'microblaze_0' is selected.
14:57:16 INFO  : The application 'R:/Users/Mitchell/Documents/Vitis/workspace/FFTAudio/Debug/FFTAudio.elf' is downloaded to processor 'microblaze_0'.
14:57:16 INFO  : ----------------XSDB Script----------------
connect -url tcp:127.0.0.1:3121
targets -set -filter {jtag_cable_name =~ "Digilent Arty S7 - 50 210352B0BF73A" && level==0 && jtag_device_ctx=="jsn-Arty S7 - 50-210352B0BF73A-0362f093-0"}
fpga -file R:/Users/Mitchell/Documents/Vitis/workspace/FFTAudio/_ide/bitstream/download.bit
targets -set -nocase -filter {name =~ "*microblaze*#0" && bscan=="USER2" }
loadhw -hw R:/Users/Mitchell/Documents/Vitis/workspace/FFTAudio_Block_HWExport/export/FFTAudio_Block_HWExport/hw/FFTAudio_Block_HWExport.xsa -regs
configparams mdm-detect-bscan-mask 2
targets -set -nocase -filter {name =~ "*microblaze*#0" && bscan=="USER2" }
rst -system
after 3000
targets -set -nocase -filter {name =~ "*microblaze*#0" && bscan=="USER2" }
dow R:/Users/Mitchell/Documents/Vitis/workspace/FFTAudio/Debug/FFTAudio.elf
----------------End of Script----------------

15:01:38 INFO  : Disconnected from the channel tcfchan#9.
15:01:38 INFO  : Connected to target on host '127.0.0.1' and port '3121'.
15:01:39 INFO  : Jtag cable 'Digilent Arty S7 - 50 210352B0BF73A' is selected.
15:01:39 INFO  : 'jtag frequency' command is executed.
15:01:39 INFO  : 'targets -set -filter {jtag_cable_name =~ "Digilent Arty S7 - 50 210352B0BF73A" && level==0 && jtag_device_ctx=="jsn-Arty S7 - 50-210352B0BF73A-0362f093-0"}' command is executed.
15:01:40 INFO  : Device configured successfully with "R:/Users/Mitchell/Documents/Vitis/workspace/FFTAudio/_ide/bitstream/download.bit"
15:01:40 INFO  : Context for processor 'microblaze_0' is selected.
15:01:40 INFO  : Hardware design and registers information is loaded from 'R:/Users/Mitchell/Documents/Vitis/workspace/FFTAudio_Block_HWExport/export/FFTAudio_Block_HWExport/hw/FFTAudio_Block_HWExport.xsa'.
15:01:40 INFO  : 'configparams mdm-detect-bscan-mask 2' command is executed.
15:01:40 INFO  : Context for processor 'microblaze_0' is selected.
15:01:40 INFO  : System reset is completed.
15:01:43 INFO  : 'after 3000' command is executed.
15:01:43 INFO  : Context for processor 'microblaze_0' is selected.
15:01:43 INFO  : The application 'R:/Users/Mitchell/Documents/Vitis/workspace/FFTAudio/Debug/FFTAudio.elf' is downloaded to processor 'microblaze_0'.
15:01:43 INFO  : ----------------XSDB Script----------------
connect -url tcp:127.0.0.1:3121
targets -set -filter {jtag_cable_name =~ "Digilent Arty S7 - 50 210352B0BF73A" && level==0 && jtag_device_ctx=="jsn-Arty S7 - 50-210352B0BF73A-0362f093-0"}
fpga -file R:/Users/Mitchell/Documents/Vitis/workspace/FFTAudio/_ide/bitstream/download.bit
targets -set -nocase -filter {name =~ "*microblaze*#0" && bscan=="USER2" }
loadhw -hw R:/Users/Mitchell/Documents/Vitis/workspace/FFTAudio_Block_HWExport/export/FFTAudio_Block_HWExport/hw/FFTAudio_Block_HWExport.xsa -regs
configparams mdm-detect-bscan-mask 2
targets -set -nocase -filter {name =~ "*microblaze*#0" && bscan=="USER2" }
rst -system
after 3000
targets -set -nocase -filter {name =~ "*microblaze*#0" && bscan=="USER2" }
dow R:/Users/Mitchell/Documents/Vitis/workspace/FFTAudio/Debug/FFTAudio.elf
----------------End of Script----------------

15:07:11 INFO  : Disconnected from the channel tcfchan#10.
15:07:11 INFO  : Connected to target on host '127.0.0.1' and port '3121'.
15:07:11 INFO  : Jtag cable 'Digilent Arty S7 - 50 210352B0BF73A' is selected.
15:07:11 INFO  : 'jtag frequency' command is executed.
15:07:11 INFO  : 'targets -set -filter {jtag_cable_name =~ "Digilent Arty S7 - 50 210352B0BF73A" && level==0 && jtag_device_ctx=="jsn-Arty S7 - 50-210352B0BF73A-0362f093-0"}' command is executed.
15:07:12 INFO  : Device configured successfully with "R:/Users/Mitchell/Documents/Vitis/workspace/FFTAudio/_ide/bitstream/download.bit"
15:07:12 INFO  : Context for processor 'microblaze_0' is selected.
15:07:12 INFO  : Hardware design and registers information is loaded from 'R:/Users/Mitchell/Documents/Vitis/workspace/FFTAudio_Block_HWExport/export/FFTAudio_Block_HWExport/hw/FFTAudio_Block_HWExport.xsa'.
15:07:12 INFO  : 'configparams mdm-detect-bscan-mask 2' command is executed.
15:07:12 INFO  : Context for processor 'microblaze_0' is selected.
15:07:12 INFO  : System reset is completed.
15:07:15 INFO  : 'after 3000' command is executed.
15:07:15 INFO  : Context for processor 'microblaze_0' is selected.
15:07:15 INFO  : The application 'R:/Users/Mitchell/Documents/Vitis/workspace/FFTAudio/Debug/FFTAudio.elf' is downloaded to processor 'microblaze_0'.
15:07:15 INFO  : ----------------XSDB Script----------------
connect -url tcp:127.0.0.1:3121
targets -set -filter {jtag_cable_name =~ "Digilent Arty S7 - 50 210352B0BF73A" && level==0 && jtag_device_ctx=="jsn-Arty S7 - 50-210352B0BF73A-0362f093-0"}
fpga -file R:/Users/Mitchell/Documents/Vitis/workspace/FFTAudio/_ide/bitstream/download.bit
targets -set -nocase -filter {name =~ "*microblaze*#0" && bscan=="USER2" }
loadhw -hw R:/Users/Mitchell/Documents/Vitis/workspace/FFTAudio_Block_HWExport/export/FFTAudio_Block_HWExport/hw/FFTAudio_Block_HWExport.xsa -regs
configparams mdm-detect-bscan-mask 2
targets -set -nocase -filter {name =~ "*microblaze*#0" && bscan=="USER2" }
rst -system
after 3000
targets -set -nocase -filter {name =~ "*microblaze*#0" && bscan=="USER2" }
dow R:/Users/Mitchell/Documents/Vitis/workspace/FFTAudio/Debug/FFTAudio.elf
----------------End of Script----------------

